[2025-05-13 16:06:22] INFO  com.spring.crud.DemoApplication - Starting DemoApplication using Java 21.0.7 with PID 14912 (C:\Users\Aditya Raut\eclipse-workspace\demo\target\classes started by Aditya Raut in C:\Users\Aditya Raut\eclipse-workspace\demo)
[2025-05-13 16:06:22] INFO  com.spring.crud.DemoApplication - No active profile set, falling back to 1 default profile: "default"
[2025-05-13 16:06:25] INFO  o.a.catalina.core.StandardService - Starting service [Tomcat]
[2025-05-13 16:06:25] INFO  o.a.catalina.core.StandardEngine - Starting Servlet engine: [Apache Tomcat/10.1.40]
[2025-05-13 16:06:26] INFO  o.a.c.c.C.[Tomcat].[localhost].[/] - Initializing Spring embedded WebApplicationContext
[2025-05-13 16:06:26] INFO  com.zaxxer.hikari.HikariDataSource - HikariPool-1 - Starting...
[2025-05-13 16:06:27] INFO  com.zaxxer.hikari.pool.HikariPool - HikariPool-1 - Added connection com.mysql.cj.jdbc.ConnectionImpl@46ceb704
[2025-05-13 16:06:27] INFO  com.zaxxer.hikari.HikariDataSource - HikariPool-1 - Start completed.
[2025-05-13 16:06:31] WARN  o.s.b.a.t.ThymeleafAutoConfiguration$DefaultTemplateResolverConfiguration - Cannot find template location: classpath:/templates/ (please add some templates, check your Thymeleaf configuration, or set spring.thymeleaf.check-template-location=false)
[2025-05-13 16:06:31] INFO  com.spring.crud.DemoApplication - Started DemoApplication in 10.731 seconds (process running for 11.819)
[2025-05-13 16:06:35] INFO  o.a.c.c.C.[Tomcat].[localhost].[/] - Initializing Spring DispatcherServlet 'dispatcherServlet'
[2025-05-13 16:08:32] INFO  com.zaxxer.hikari.HikariDataSource - HikariPool-1 - Shutdown initiated...
[2025-05-13 16:08:32] INFO  com.zaxxer.hikari.HikariDataSource - HikariPool-1 - Shutdown completed.
[2025-05-13 16:08:32] INFO  com.spring.crud.DemoApplication - Starting DemoApplication using Java 21.0.7 with PID 14912 (C:\Users\Aditya Raut\eclipse-workspace\demo\target\classes started by Aditya Raut in C:\Users\Aditya Raut\eclipse-workspace\demo)
[2025-05-13 16:08:32] INFO  com.spring.crud.DemoApplication - No active profile set, falling back to 1 default profile: "default"
[2025-05-13 16:08:33] INFO  o.a.catalina.core.StandardService - Starting service [Tomcat]
[2025-05-13 16:08:33] INFO  o.a.catalina.core.StandardEngine - Starting Servlet engine: [Apache Tomcat/10.1.40]
[2025-05-13 16:08:33] INFO  o.a.c.c.C.[Tomcat].[localhost].[/] - Initializing Spring embedded WebApplicationContext
[2025-05-13 16:08:34] INFO  com.zaxxer.hikari.HikariDataSource - HikariPool-2 - Starting...
[2025-05-13 16:08:34] INFO  com.zaxxer.hikari.pool.HikariPool - HikariPool-2 - Added connection com.mysql.cj.jdbc.ConnectionImpl@5bd5b7dc
[2025-05-13 16:08:34] INFO  com.zaxxer.hikari.HikariDataSource - HikariPool-2 - Start completed.
[2025-05-13 16:08:36] WARN  o.s.b.a.t.ThymeleafAutoConfiguration$DefaultTemplateResolverConfiguration - Cannot find template location: classpath:/templates/ (please add some templates, check your Thymeleaf configuration, or set spring.thymeleaf.check-template-location=false)
[2025-05-13 16:08:36] INFO  com.spring.crud.DemoApplication - Started DemoApplication in 4.219 seconds (process running for 136.711)
[2025-05-13 16:08:41] INFO  o.a.c.c.C.[Tomcat].[localhost].[/] - Initializing Spring DispatcherServlet 'dispatcherServlet'
[2025-05-13 16:08:41] INFO  c.spring.crud.service.StudentService - Searching student with name tomya
[2025-05-13 16:08:41] WARN  o.s.w.s.m.m.a.ExceptionHandlerExceptionResolver - Resolved [com.spring.crud.exception.StudentNotFoundException: Student not found with name tomya]
[2025-05-13 16:10:30] INFO  com.zaxxer.hikari.HikariDataSource - HikariPool-2 - Shutdown initiated...
[2025-05-13 16:10:30] INFO  com.zaxxer.hikari.HikariDataSource - HikariPool-2 - Shutdown completed.
[2025-05-13 16:10:32] INFO  com.spring.crud.DemoApplication - Starting DemoApplication using Java 21.0.7 with PID 14912 (C:\Users\Aditya Raut\eclipse-workspace\demo\target\classes started by Aditya Raut in C:\Users\Aditya Raut\eclipse-workspace\demo)
[2025-05-13 16:10:32] INFO  com.spring.crud.DemoApplication - No active profile set, falling back to 1 default profile: "default"
[2025-05-13 16:10:33] INFO  o.a.catalina.core.StandardService - Starting service [Tomcat]
[2025-05-13 16:10:33] INFO  o.a.catalina.core.StandardEngine - Starting Servlet engine: [Apache Tomcat/10.1.40]
[2025-05-13 16:10:33] INFO  o.a.c.c.C.[Tomcat].[localhost].[/] - Initializing Spring embedded WebApplicationContext
[2025-05-13 16:10:33] INFO  com.zaxxer.hikari.HikariDataSource - HikariPool-3 - Starting...
[2025-05-13 16:10:33] INFO  com.zaxxer.hikari.pool.HikariPool - HikariPool-3 - Added connection com.mysql.cj.jdbc.ConnectionImpl@338fd32d
[2025-05-13 16:10:33] INFO  com.zaxxer.hikari.HikariDataSource - HikariPool-3 - Start completed.
[2025-05-13 16:10:34] WARN  o.s.b.a.t.ThymeleafAutoConfiguration$DefaultTemplateResolverConfiguration - Cannot find template location: classpath:/templates/ (please add some templates, check your Thymeleaf configuration, or set spring.thymeleaf.check-template-location=false)
[2025-05-13 16:10:34] INFO  com.spring.crud.DemoApplication - Started DemoApplication in 3.444 seconds (process running for 254.657)
[2025-05-13 16:11:02] INFO  com.spring.crud.DemoApplication - Starting DemoApplication using Java 21.0.7 with PID 852 (C:\Users\Aditya Raut\eclipse-workspace\demo\target\classes started by Aditya Raut in C:\Users\Aditya Raut\eclipse-workspace\demo)
[2025-05-13 16:11:02] INFO  com.spring.crud.DemoApplication - No active profile set, falling back to 1 default profile: "default"
[2025-05-13 16:11:05] INFO  o.a.catalina.core.StandardService - Starting service [Tomcat]
[2025-05-13 16:11:05] INFO  o.a.catalina.core.StandardEngine - Starting Servlet engine: [Apache Tomcat/10.1.40]
[2025-05-13 16:11:05] INFO  o.a.c.c.C.[Tomcat].[localhost].[/] - Initializing Spring embedded WebApplicationContext
[2025-05-13 16:11:05] INFO  com.zaxxer.hikari.HikariDataSource - HikariPool-1 - Starting...
[2025-05-13 16:11:06] INFO  com.zaxxer.hikari.pool.HikariPool - HikariPool-1 - Added connection com.mysql.cj.jdbc.ConnectionImpl@4b2e78a4
[2025-05-13 16:11:06] INFO  com.zaxxer.hikari.HikariDataSource - HikariPool-1 - Start completed.
[2025-05-13 16:11:11] WARN  o.s.b.a.t.ThymeleafAutoConfiguration$DefaultTemplateResolverConfiguration - Cannot find template location: classpath:/templates/ (please add some templates, check your Thymeleaf configuration, or set spring.thymeleaf.check-template-location=false)
[2025-05-13 16:11:11] INFO  com.spring.crud.DemoApplication - Started DemoApplication in 9.975 seconds (process running for 10.887)
[2025-05-13 16:11:21] INFO  o.a.c.c.C.[Tomcat].[localhost].[/] - Initializing Spring DispatcherServlet 'dispatcherServlet'
[2025-05-13 16:11:22] INFO  c.spring.crud.service.StudentService - Searching student with name tomya
[2025-05-13 16:11:22] WARN  o.s.w.s.m.m.a.ExceptionHandlerExceptionResolver - Resolved [com.spring.crud.exception.StudentNotFoundException: Student not found with name tomya]
[2025-05-13 16:16:27] INFO  com.zaxxer.hikari.HikariDataSource - HikariPool-1 - Shutdown initiated...
[2025-05-13 16:16:27] INFO  com.zaxxer.hikari.HikariDataSource - HikariPool-1 - Shutdown completed.
[2025-05-13 16:16:27] INFO  com.spring.crud.DemoApplication - Starting DemoApplication using Java 21.0.7 with PID 852 (C:\Users\Aditya Raut\eclipse-workspace\demo\target\classes started by Aditya Raut in C:\Users\Aditya Raut\eclipse-workspace\demo)
[2025-05-13 16:16:27] INFO  com.spring.crud.DemoApplication - No active profile set, falling back to 1 default profile: "default"
[2025-05-13 16:16:28] INFO  o.a.catalina.core.StandardService - Starting service [Tomcat]
[2025-05-13 16:16:28] INFO  o.a.catalina.core.StandardEngine - Starting Servlet engine: [Apache Tomcat/10.1.40]
[2025-05-13 16:16:28] INFO  o.a.c.c.C.[Tomcat].[localhost].[/] - Initializing Spring embedded WebApplicationContext
[2025-05-13 16:16:28] INFO  com.zaxxer.hikari.HikariDataSource - HikariPool-2 - Starting...
[2025-05-13 16:16:29] INFO  com.zaxxer.hikari.pool.HikariPool - HikariPool-2 - Added connection com.mysql.cj.jdbc.ConnectionImpl@40d1d485
[2025-05-13 16:16:29] INFO  com.zaxxer.hikari.HikariDataSource - HikariPool-2 - Start completed.
[2025-05-13 16:16:29] WARN  o.s.b.a.t.ThymeleafAutoConfiguration$DefaultTemplateResolverConfiguration - Cannot find template location: classpath:/templates/ (please add some templates, check your Thymeleaf configuration, or set spring.thymeleaf.check-template-location=false)
[2025-05-13 16:16:30] INFO  com.spring.crud.DemoApplication - Started DemoApplication in 2.443 seconds (process running for 329.582)
[2025-05-13 16:16:46] INFO  com.spring.crud.DemoApplication - Starting DemoApplication using Java 21.0.7 with PID 12776 (C:\Users\Aditya Raut\eclipse-workspace\demo\target\classes started by Aditya Raut in C:\Users\Aditya Raut\eclipse-workspace\demo)
[2025-05-13 16:16:46] INFO  com.spring.crud.DemoApplication - No active profile set, falling back to 1 default profile: "default"
[2025-05-13 16:16:49] INFO  o.a.catalina.core.StandardService - Starting service [Tomcat]
[2025-05-13 16:16:49] INFO  o.a.catalina.core.StandardEngine - Starting Servlet engine: [Apache Tomcat/10.1.40]
[2025-05-13 16:16:49] INFO  o.a.c.c.C.[Tomcat].[localhost].[/] - Initializing Spring embedded WebApplicationContext
[2025-05-13 16:16:50] INFO  com.zaxxer.hikari.HikariDataSource - HikariPool-1 - Starting...
[2025-05-13 16:16:51] INFO  com.zaxxer.hikari.pool.HikariPool - HikariPool-1 - Added connection com.mysql.cj.jdbc.ConnectionImpl@1e8cbfca
[2025-05-13 16:16:51] INFO  com.zaxxer.hikari.HikariDataSource - HikariPool-1 - Start completed.
[2025-05-13 16:16:55] WARN  o.s.b.a.t.ThymeleafAutoConfiguration$DefaultTemplateResolverConfiguration - Cannot find template location: classpath:/templates/ (please add some templates, check your Thymeleaf configuration, or set spring.thymeleaf.check-template-location=false)
[2025-05-13 16:16:55] INFO  com.spring.crud.DemoApplication - Started DemoApplication in 10.93 seconds (process running for 11.872)
[2025-05-13 16:17:02] INFO  o.a.c.c.C.[Tomcat].[localhost].[/] - Initializing Spring DispatcherServlet 'dispatcherServlet'
[2025-05-13 16:21:18] INFO  com.zaxxer.hikari.HikariDataSource - HikariPool-1 - Shutdown initiated...
[2025-05-13 16:21:18] INFO  com.zaxxer.hikari.HikariDataSource - HikariPool-1 - Shutdown completed.
[2025-05-13 16:21:20] INFO  com.spring.crud.DemoApplication - Starting DemoApplication using Java 21.0.7 with PID 12776 (C:\Users\Aditya Raut\eclipse-workspace\demo\target\classes started by Aditya Raut in C:\Users\Aditya Raut\eclipse-workspace\demo)
[2025-05-13 16:21:20] INFO  com.spring.crud.DemoApplication - No active profile set, falling back to 1 default profile: "default"
[2025-05-13 16:21:23] INFO  o.a.catalina.core.StandardService - Starting service [Tomcat]
[2025-05-13 16:21:23] INFO  o.a.catalina.core.StandardEngine - Starting Servlet engine: [Apache Tomcat/10.1.40]
[2025-05-13 16:21:23] INFO  o.a.c.c.C.[Tomcat].[localhost].[/] - Initializing Spring embedded WebApplicationContext
[2025-05-13 16:21:24] INFO  com.zaxxer.hikari.HikariDataSource - HikariPool-2 - Starting...
[2025-05-13 16:21:26] INFO  com.zaxxer.hikari.pool.HikariPool - HikariPool-2 - Added connection com.mysql.cj.jdbc.ConnectionImpl@3c615660
[2025-05-13 16:21:26] INFO  com.zaxxer.hikari.HikariDataSource - HikariPool-2 - Start completed.
[2025-05-13 16:21:28] WARN  o.s.b.a.t.ThymeleafAutoConfiguration$DefaultTemplateResolverConfiguration - Cannot find template location: classpath:/templates/ (please add some templates, check your Thymeleaf configuration, or set spring.thymeleaf.check-template-location=false)
[2025-05-13 16:21:28] INFO  com.spring.crud.DemoApplication - Started DemoApplication in 8.601 seconds (process running for 284.624)
[2025-05-13 16:21:41] INFO  o.a.c.c.C.[Tomcat].[localhost].[/] - Initializing Spring DispatcherServlet 'dispatcherServlet'
[2025-05-13 16:28:16] WARN  com.zaxxer.hikari.pool.HikariPool - HikariPool-2 - Thread starvation or clock leap detected (housekeeper delta=5m49s371ms353µs700ns).
[2025-05-13 16:29:54] INFO  com.zaxxer.hikari.HikariDataSource - HikariPool-2 - Shutdown initiated...
[2025-05-13 16:29:54] INFO  com.zaxxer.hikari.HikariDataSource - HikariPool-2 - Shutdown completed.
[2025-05-13 16:30:01] INFO  com.spring.crud.DemoApplication - Starting DemoApplication using Java 21.0.7 with PID 11940 (C:\Users\Aditya Raut\eclipse-workspace\demo\target\classes started by Aditya Raut in C:\Users\Aditya Raut\eclipse-workspace\demo)
[2025-05-13 16:30:01] INFO  com.spring.crud.DemoApplication - No active profile set, falling back to 1 default profile: "default"
[2025-05-13 16:30:05] INFO  o.a.catalina.core.StandardService - Starting service [Tomcat]
[2025-05-13 16:30:05] INFO  o.a.catalina.core.StandardEngine - Starting Servlet engine: [Apache Tomcat/10.1.40]
[2025-05-13 16:30:05] INFO  o.a.c.c.C.[Tomcat].[localhost].[/] - Initializing Spring embedded WebApplicationContext
[2025-05-13 16:30:06] INFO  com.zaxxer.hikari.HikariDataSource - HikariPool-1 - Starting...
[2025-05-13 16:30:07] INFO  com.zaxxer.hikari.pool.HikariPool - HikariPool-1 - Added connection com.mysql.cj.jdbc.ConnectionImpl@5e53939
[2025-05-13 16:30:07] INFO  com.zaxxer.hikari.HikariDataSource - HikariPool-1 - Start completed.
[2025-05-13 16:30:12] WARN  o.s.b.a.t.ThymeleafAutoConfiguration$DefaultTemplateResolverConfiguration - Cannot find template location: classpath:/templates/ (please add some templates, check your Thymeleaf configuration, or set spring.thymeleaf.check-template-location=false)
[2025-05-13 16:30:12] INFO  com.spring.crud.DemoApplication - Started DemoApplication in 13.081 seconds (process running for 14.733)
[2025-05-13 16:30:21] INFO  o.a.c.c.C.[Tomcat].[localhost].[/] - Initializing Spring DispatcherServlet 'dispatcherServlet'
[2025-05-13 16:32:52] INFO  com.zaxxer.hikari.HikariDataSource - HikariPool-1 - Shutdown initiated...
[2025-05-13 16:32:52] INFO  com.zaxxer.hikari.HikariDataSource - HikariPool-1 - Shutdown completed.
[2025-05-13 16:32:52] INFO  com.spring.crud.DemoApplication - Starting DemoApplication using Java 21.0.7 with PID 11940 (C:\Users\Aditya Raut\eclipse-workspace\demo\target\classes started by Aditya Raut in C:\Users\Aditya Raut\eclipse-workspace\demo)
[2025-05-13 16:32:52] INFO  com.spring.crud.DemoApplication - No active profile set, falling back to 1 default profile: "default"
[2025-05-13 16:32:57] INFO  com.spring.crud.DemoApplication - Starting DemoApplication using Java 21.0.7 with PID 11172 (C:\Users\Aditya Raut\eclipse-workspace\demo\target\classes started by Aditya Raut in C:\Users\Aditya Raut\eclipse-workspace\demo)
[2025-05-13 16:32:57] INFO  com.spring.crud.DemoApplication - No active profile set, falling back to 1 default profile: "default"
[2025-05-13 16:33:01] INFO  o.a.catalina.core.StandardService - Starting service [Tomcat]
[2025-05-13 16:33:01] INFO  o.a.catalina.core.StandardEngine - Starting Servlet engine: [Apache Tomcat/10.1.40]
[2025-05-13 16:33:01] INFO  o.a.c.c.C.[Tomcat].[localhost].[/] - Initializing Spring embedded WebApplicationContext
[2025-05-13 16:33:01] INFO  com.zaxxer.hikari.HikariDataSource - HikariPool-1 - Starting...
[2025-05-13 16:33:02] INFO  com.zaxxer.hikari.pool.HikariPool - HikariPool-1 - Added connection com.mysql.cj.jdbc.ConnectionImpl@4fe0d7b4
[2025-05-13 16:33:02] INFO  com.zaxxer.hikari.HikariDataSource - HikariPool-1 - Start completed.
[2025-05-13 16:33:03] WARN  o.s.b.w.s.c.AnnotationConfigServletWebServerApplicationContext - Exception encountered during context initialization - cancelling refresh attempt: org.springframework.beans.factory.BeanCreationException: Error creating bean with name 'entityManagerFactory' defined in class path resource [org/springframework/boot/autoconfigure/orm/jpa/HibernateJpaConfiguration.class]: Failed to initialize dependency 'dataSourceScriptDatabaseInitializer' of LoadTimeWeaverAware bean 'entityManagerFactory': Error creating bean with name 'dataSourceScriptDatabaseInitializer' defined in class path resource [org/springframework/boot/autoconfigure/sql/init/DataSourceInitializationConfiguration.class]: Failed to execute SQL script statement #1 of file [C:\Users\Aditya Raut\eclipse-workspace\demo\target\classes\data.sql]: create table student(id int,name varchar(20),marks double)
[2025-05-13 16:33:03] INFO  com.zaxxer.hikari.HikariDataSource - HikariPool-1 - Shutdown initiated...
[2025-05-13 16:33:03] INFO  com.zaxxer.hikari.HikariDataSource - HikariPool-1 - Shutdown completed.
[2025-05-13 16:33:03] INFO  o.a.catalina.core.StandardService - Stopping service [Tomcat]
[2025-05-13 16:33:03] ERROR o.s.boot.SpringApplication - Application run failed
org.springframework.beans.factory.BeanCreationException: Error creating bean with name 'entityManagerFactory' defined in class path resource [org/springframework/boot/autoconfigure/orm/jpa/HibernateJpaConfiguration.class]: Failed to initialize dependency 'dataSourceScriptDatabaseInitializer' of LoadTimeWeaverAware bean 'entityManagerFactory': Error creating bean with name 'dataSourceScriptDatabaseInitializer' defined in class path resource [org/springframework/boot/autoconfigure/sql/init/DataSourceInitializationConfiguration.class]: Failed to execute SQL script statement #1 of file [C:\Users\Aditya Raut\eclipse-workspace\demo\target\classes\data.sql]: create table student(id int,name varchar(20),marks double)
	at org.springframework.beans.factory.support.AbstractBeanFactory.doGetBean(AbstractBeanFactory.java:328)
	at org.springframework.beans.factory.support.AbstractBeanFactory.getBean(AbstractBeanFactory.java:207)
	at org.springframework.context.support.AbstractApplicationContext.finishBeanFactoryInitialization(AbstractApplicationContext.java:970)
	at org.springframework.context.support.AbstractApplicationContext.refresh(AbstractApplicationContext.java:627)
	at org.springframework.boot.web.servlet.context.ServletWebServerApplicationContext.refresh(ServletWebServerApplicationContext.java:146)
	at org.springframework.boot.SpringApplication.refresh(SpringApplication.java:753)
	at org.springframework.boot.SpringApplication.refreshContext(SpringApplication.java:439)
	at org.springframework.boot.SpringApplication.run(SpringApplication.java:318)
	at org.springframework.boot.SpringApplication.run(SpringApplication.java:1362)
	at org.springframework.boot.SpringApplication.run(SpringApplication.java:1351)
	at com.spring.crud.DemoApplication.main(DemoApplication.java:10)
	at java.base/jdk.internal.reflect.DirectMethodHandleAccessor.invoke(DirectMethodHandleAccessor.java:103)
	at java.base/java.lang.reflect.Method.invoke(Method.java:580)
	at org.springframework.boot.devtools.restart.RestartLauncher.run(RestartLauncher.java:50)
Caused by: org.springframework.beans.factory.BeanCreationException: Error creating bean with name 'dataSourceScriptDatabaseInitializer' defined in class path resource [org/springframework/boot/autoconfigure/sql/init/DataSourceInitializationConfiguration.class]: Failed to execute SQL script statement #1 of file [C:\Users\Aditya Raut\eclipse-workspace\demo\target\classes\data.sql]: create table student(id int,name varchar(20),marks double)
	at org.springframework.beans.factory.support.AbstractAutowireCapableBeanFactory.initializeBean(AbstractAutowireCapableBeanFactory.java:1818)
	at org.springframework.beans.factory.support.AbstractAutowireCapableBeanFactory.doCreateBean(AbstractAutowireCapableBeanFactory.java:607)
	at org.springframework.beans.factory.support.AbstractAutowireCapableBeanFactory.createBean(AbstractAutowireCapableBeanFactory.java:529)
	at org.springframework.beans.factory.support.AbstractBeanFactory.lambda$doGetBean$0(AbstractBeanFactory.java:339)
	at org.springframework.beans.factory.support.DefaultSingletonBeanRegistry.getSingleton(DefaultSingletonBeanRegistry.java:371)
	at org.springframework.beans.factory.support.AbstractBeanFactory.doGetBean(AbstractBeanFactory.java:337)
	at org.springframework.beans.factory.support.AbstractBeanFactory.getBean(AbstractBeanFactory.java:202)
	at org.springframework.beans.factory.support.AbstractBeanFactory.doGetBean(AbstractBeanFactory.java:315)
	... 13 common frames omitted
Caused by: org.springframework.jdbc.datasource.init.ScriptStatementFailedException: Failed to execute SQL script statement #1 of file [C:\Users\Aditya Raut\eclipse-workspace\demo\target\classes\data.sql]: create table student(id int,name varchar(20),marks double)
	at org.springframework.jdbc.datasource.init.ScriptUtils.executeSqlScript(ScriptUtils.java:282)
	at org.springframework.jdbc.datasource.init.ResourceDatabasePopulator.populate(ResourceDatabasePopulator.java:254)
	at org.springframework.jdbc.datasource.init.DatabasePopulatorUtils.execute(DatabasePopulatorUtils.java:54)
	at org.springframework.boot.jdbc.init.DataSourceScriptDatabaseInitializer.runScripts(DataSourceScriptDatabaseInitializer.java:87)
	at org.springframework.boot.sql.init.AbstractScriptDatabaseInitializer.runScripts(AbstractScriptDatabaseInitializer.java:146)
	at org.springframework.boot.sql.init.AbstractScriptDatabaseInitializer.applyScripts(AbstractScriptDatabaseInitializer.java:108)
	at org.springframework.boot.sql.init.AbstractScriptDatabaseInitializer.applyDataScripts(AbstractScriptDatabaseInitializer.java:102)
	at org.springframework.boot.sql.init.AbstractScriptDatabaseInitializer.initializeDatabase(AbstractScriptDatabaseInitializer.java:77)
	at org.springframework.boot.sql.init.AbstractScriptDatabaseInitializer.afterPropertiesSet(AbstractScriptDatabaseInitializer.java:66)
	at org.springframework.beans.factory.support.AbstractAutowireCapableBeanFactory.invokeInitMethods(AbstractAutowireCapableBeanFactory.java:1865)
	at org.springframework.beans.factory.support.AbstractAutowireCapableBeanFactory.initializeBean(AbstractAutowireCapableBeanFactory.java:1814)
	... 20 common frames omitted
Caused by: java.sql.SQLSyntaxErrorException: Table 'student' already exists
	at com.mysql.cj.jdbc.exceptions.SQLError.createSQLException(SQLError.java:112)
	at com.mysql.cj.jdbc.exceptions.SQLExceptionsMapping.translateException(SQLExceptionsMapping.java:114)
	at com.mysql.cj.jdbc.StatementImpl.executeInternal(StatementImpl.java:837)
	at com.mysql.cj.jdbc.StatementImpl.execute(StatementImpl.java:685)
	at com.zaxxer.hikari.pool.ProxyStatement.execute(ProxyStatement.java:94)
	at com.zaxxer.hikari.pool.HikariProxyStatement.execute(HikariProxyStatement.java)
	at org.springframework.jdbc.datasource.init.ScriptUtils.executeSqlScript(ScriptUtils.java:261)
	... 30 common frames omitted
[2025-05-13 16:33:28] INFO  com.spring.crud.DemoApplication - Starting DemoApplication using Java 21.0.7 with PID 10532 (C:\Users\Aditya Raut\eclipse-workspace\demo\target\classes started by Aditya Raut in C:\Users\Aditya Raut\eclipse-workspace\demo)
[2025-05-13 16:33:28] INFO  com.spring.crud.DemoApplication - No active profile set, falling back to 1 default profile: "default"
[2025-05-13 16:33:32] INFO  o.a.catalina.core.StandardService - Starting service [Tomcat]
[2025-05-13 16:33:32] INFO  o.a.catalina.core.StandardEngine - Starting Servlet engine: [Apache Tomcat/10.1.40]
[2025-05-13 16:33:32] INFO  o.a.c.c.C.[Tomcat].[localhost].[/] - Initializing Spring embedded WebApplicationContext
[2025-05-13 16:33:32] INFO  com.zaxxer.hikari.HikariDataSource - HikariPool-1 - Starting...
[2025-05-13 16:33:33] INFO  com.zaxxer.hikari.pool.HikariPool - HikariPool-1 - Added connection com.mysql.cj.jdbc.ConnectionImpl@4fe0d7b4
[2025-05-13 16:33:33] INFO  com.zaxxer.hikari.HikariDataSource - HikariPool-1 - Start completed.
[2025-05-13 16:33:34] WARN  o.s.b.w.s.c.AnnotationConfigServletWebServerApplicationContext - Exception encountered during context initialization - cancelling refresh attempt: org.springframework.beans.factory.BeanCreationException: Error creating bean with name 'entityManagerFactory' defined in class path resource [org/springframework/boot/autoconfigure/orm/jpa/HibernateJpaConfiguration.class]: Failed to initialize dependency 'dataSourceScriptDatabaseInitializer' of LoadTimeWeaverAware bean 'entityManagerFactory': Error creating bean with name 'dataSourceScriptDatabaseInitializer' defined in class path resource [org/springframework/boot/autoconfigure/sql/init/DataSourceInitializationConfiguration.class]: Failed to execute SQL script statement #1 of file [C:\Users\Aditya Raut\eclipse-workspace\demo\target\classes\data.sql]: create table student(id int,name varchar(20),marks double)
[2025-05-13 16:33:34] INFO  com.zaxxer.hikari.HikariDataSource - HikariPool-1 - Shutdown initiated...
[2025-05-13 16:33:34] INFO  com.zaxxer.hikari.HikariDataSource - HikariPool-1 - Shutdown completed.
[2025-05-13 16:33:34] INFO  o.a.catalina.core.StandardService - Stopping service [Tomcat]
[2025-05-13 16:33:34] ERROR o.s.boot.SpringApplication - Application run failed
org.springframework.beans.factory.BeanCreationException: Error creating bean with name 'entityManagerFactory' defined in class path resource [org/springframework/boot/autoconfigure/orm/jpa/HibernateJpaConfiguration.class]: Failed to initialize dependency 'dataSourceScriptDatabaseInitializer' of LoadTimeWeaverAware bean 'entityManagerFactory': Error creating bean with name 'dataSourceScriptDatabaseInitializer' defined in class path resource [org/springframework/boot/autoconfigure/sql/init/DataSourceInitializationConfiguration.class]: Failed to execute SQL script statement #1 of file [C:\Users\Aditya Raut\eclipse-workspace\demo\target\classes\data.sql]: create table student(id int,name varchar(20),marks double)
	at org.springframework.beans.factory.support.AbstractBeanFactory.doGetBean(AbstractBeanFactory.java:328)
	at org.springframework.beans.factory.support.AbstractBeanFactory.getBean(AbstractBeanFactory.java:207)
	at org.springframework.context.support.AbstractApplicationContext.finishBeanFactoryInitialization(AbstractApplicationContext.java:970)
	at org.springframework.context.support.AbstractApplicationContext.refresh(AbstractApplicationContext.java:627)
	at org.springframework.boot.web.servlet.context.ServletWebServerApplicationContext.refresh(ServletWebServerApplicationContext.java:146)
	at org.springframework.boot.SpringApplication.refresh(SpringApplication.java:753)
	at org.springframework.boot.SpringApplication.refreshContext(SpringApplication.java:439)
	at org.springframework.boot.SpringApplication.run(SpringApplication.java:318)
	at org.springframework.boot.SpringApplication.run(SpringApplication.java:1362)
	at org.springframework.boot.SpringApplication.run(SpringApplication.java:1351)
	at com.spring.crud.DemoApplication.main(DemoApplication.java:10)
	at java.base/jdk.internal.reflect.DirectMethodHandleAccessor.invoke(DirectMethodHandleAccessor.java:103)
	at java.base/java.lang.reflect.Method.invoke(Method.java:580)
	at org.springframework.boot.devtools.restart.RestartLauncher.run(RestartLauncher.java:50)
Caused by: org.springframework.beans.factory.BeanCreationException: Error creating bean with name 'dataSourceScriptDatabaseInitializer' defined in class path resource [org/springframework/boot/autoconfigure/sql/init/DataSourceInitializationConfiguration.class]: Failed to execute SQL script statement #1 of file [C:\Users\Aditya Raut\eclipse-workspace\demo\target\classes\data.sql]: create table student(id int,name varchar(20),marks double)
	at org.springframework.beans.factory.support.AbstractAutowireCapableBeanFactory.initializeBean(AbstractAutowireCapableBeanFactory.java:1818)
	at org.springframework.beans.factory.support.AbstractAutowireCapableBeanFactory.doCreateBean(AbstractAutowireCapableBeanFactory.java:607)
	at org.springframework.beans.factory.support.AbstractAutowireCapableBeanFactory.createBean(AbstractAutowireCapableBeanFactory.java:529)
	at org.springframework.beans.factory.support.AbstractBeanFactory.lambda$doGetBean$0(AbstractBeanFactory.java:339)
	at org.springframework.beans.factory.support.DefaultSingletonBeanRegistry.getSingleton(DefaultSingletonBeanRegistry.java:371)
	at org.springframework.beans.factory.support.AbstractBeanFactory.doGetBean(AbstractBeanFactory.java:337)
	at org.springframework.beans.factory.support.AbstractBeanFactory.getBean(AbstractBeanFactory.java:202)
	at org.springframework.beans.factory.support.AbstractBeanFactory.doGetBean(AbstractBeanFactory.java:315)
	... 13 common frames omitted
Caused by: org.springframework.jdbc.datasource.init.ScriptStatementFailedException: Failed to execute SQL script statement #1 of file [C:\Users\Aditya Raut\eclipse-workspace\demo\target\classes\data.sql]: create table student(id int,name varchar(20),marks double)
	at org.springframework.jdbc.datasource.init.ScriptUtils.executeSqlScript(ScriptUtils.java:282)
	at org.springframework.jdbc.datasource.init.ResourceDatabasePopulator.populate(ResourceDatabasePopulator.java:254)
	at org.springframework.jdbc.datasource.init.DatabasePopulatorUtils.execute(DatabasePopulatorUtils.java:54)
	at org.springframework.boot.jdbc.init.DataSourceScriptDatabaseInitializer.runScripts(DataSourceScriptDatabaseInitializer.java:87)
	at org.springframework.boot.sql.init.AbstractScriptDatabaseInitializer.runScripts(AbstractScriptDatabaseInitializer.java:146)
	at org.springframework.boot.sql.init.AbstractScriptDatabaseInitializer.applyScripts(AbstractScriptDatabaseInitializer.java:108)
	at org.springframework.boot.sql.init.AbstractScriptDatabaseInitializer.applyDataScripts(AbstractScriptDatabaseInitializer.java:102)
	at org.springframework.boot.sql.init.AbstractScriptDatabaseInitializer.initializeDatabase(AbstractScriptDatabaseInitializer.java:77)
	at org.springframework.boot.sql.init.AbstractScriptDatabaseInitializer.afterPropertiesSet(AbstractScriptDatabaseInitializer.java:66)
	at org.springframework.beans.factory.support.AbstractAutowireCapableBeanFactory.invokeInitMethods(AbstractAutowireCapableBeanFactory.java:1865)
	at org.springframework.beans.factory.support.AbstractAutowireCapableBeanFactory.initializeBean(AbstractAutowireCapableBeanFactory.java:1814)
	... 20 common frames omitted
Caused by: java.sql.SQLSyntaxErrorException: Table 'student' already exists
	at com.mysql.cj.jdbc.exceptions.SQLError.createSQLException(SQLError.java:112)
	at com.mysql.cj.jdbc.exceptions.SQLExceptionsMapping.translateException(SQLExceptionsMapping.java:114)
	at com.mysql.cj.jdbc.StatementImpl.executeInternal(StatementImpl.java:837)
	at com.mysql.cj.jdbc.StatementImpl.execute(StatementImpl.java:685)
	at com.zaxxer.hikari.pool.ProxyStatement.execute(ProxyStatement.java:94)
	at com.zaxxer.hikari.pool.HikariProxyStatement.execute(HikariProxyStatement.java)
	at org.springframework.jdbc.datasource.init.ScriptUtils.executeSqlScript(ScriptUtils.java:261)
	... 30 common frames omitted
[2025-05-13 16:33:53] INFO  com.spring.crud.DemoApplication - Starting DemoApplication using Java 21.0.7 with PID 9640 (C:\Users\Aditya Raut\eclipse-workspace\demo\target\classes started by Aditya Raut in C:\Users\Aditya Raut\eclipse-workspace\demo)
[2025-05-13 16:33:53] INFO  com.spring.crud.DemoApplication - No active profile set, falling back to 1 default profile: "default"
[2025-05-13 16:33:57] INFO  o.a.catalina.core.StandardService - Starting service [Tomcat]
[2025-05-13 16:33:57] INFO  o.a.catalina.core.StandardEngine - Starting Servlet engine: [Apache Tomcat/10.1.40]
[2025-05-13 16:33:57] INFO  o.a.c.c.C.[Tomcat].[localhost].[/] - Initializing Spring embedded WebApplicationContext
[2025-05-13 16:33:57] INFO  com.zaxxer.hikari.HikariDataSource - HikariPool-1 - Starting...
[2025-05-13 16:33:58] INFO  com.zaxxer.hikari.pool.HikariPool - HikariPool-1 - Added connection com.mysql.cj.jdbc.ConnectionImpl@4d786c01
[2025-05-13 16:33:58] INFO  com.zaxxer.hikari.HikariDataSource - HikariPool-1 - Start completed.
[2025-05-13 16:34:03] WARN  o.s.b.a.t.ThymeleafAutoConfiguration$DefaultTemplateResolverConfiguration - Cannot find template location: classpath:/templates/ (please add some templates, check your Thymeleaf configuration, or set spring.thymeleaf.check-template-location=false)
[2025-05-13 16:34:03] INFO  com.spring.crud.DemoApplication - Started DemoApplication in 11.114 seconds (process running for 12.049)
[2025-05-13 16:34:11] INFO  o.a.c.c.C.[Tomcat].[localhost].[/] - Initializing Spring DispatcherServlet 'dispatcherServlet'
[2025-05-13 16:35:52] INFO  com.zaxxer.hikari.HikariDataSource - HikariPool-1 - Shutdown initiated...
[2025-05-13 16:35:52] INFO  com.zaxxer.hikari.HikariDataSource - HikariPool-1 - Shutdown completed.
[2025-05-13 16:35:52] INFO  com.spring.crud.DemoApplication - Starting DemoApplication using Java 21.0.7 with PID 9640 (C:\Users\Aditya Raut\eclipse-workspace\demo\target\classes started by Aditya Raut in C:\Users\Aditya Raut\eclipse-workspace\demo)
[2025-05-13 16:35:52] INFO  com.spring.crud.DemoApplication - No active profile set, falling back to 1 default profile: "default"
[2025-05-13 16:35:53] INFO  o.a.catalina.core.StandardService - Starting service [Tomcat]
[2025-05-13 16:35:53] INFO  o.a.catalina.core.StandardEngine - Starting Servlet engine: [Apache Tomcat/10.1.40]
[2025-05-13 16:35:53] INFO  o.a.c.c.C.[Tomcat].[localhost].[/] - Initializing Spring embedded WebApplicationContext
[2025-05-13 16:35:53] INFO  com.zaxxer.hikari.HikariDataSource - HikariPool-2 - Starting...
[2025-05-13 16:35:53] INFO  com.zaxxer.hikari.pool.HikariPool - HikariPool-2 - Added connection com.mysql.cj.jdbc.ConnectionImpl@5a79bc77
[2025-05-13 16:35:53] INFO  com.zaxxer.hikari.HikariDataSource - HikariPool-2 - Start completed.
[2025-05-13 16:35:54] WARN  o.s.b.a.t.ThymeleafAutoConfiguration$DefaultTemplateResolverConfiguration - Cannot find template location: classpath:/templates/ (please add some templates, check your Thymeleaf configuration, or set spring.thymeleaf.check-template-location=false)
[2025-05-13 16:35:54] INFO  com.spring.crud.DemoApplication - Started DemoApplication in 1.949 seconds (process running for 122.676)
[2025-05-13 16:36:01] INFO  com.spring.crud.DemoApplication - Starting DemoApplication using Java 21.0.7 with PID 2384 (C:\Users\Aditya Raut\eclipse-workspace\demo\target\classes started by Aditya Raut in C:\Users\Aditya Raut\eclipse-workspace\demo)
[2025-05-13 16:36:01] INFO  com.spring.crud.DemoApplication - No active profile set, falling back to 1 default profile: "default"
[2025-05-13 16:36:04] INFO  o.a.catalina.core.StandardService - Starting service [Tomcat]
[2025-05-13 16:36:04] INFO  o.a.catalina.core.StandardEngine - Starting Servlet engine: [Apache Tomcat/10.1.40]
[2025-05-13 16:36:04] INFO  o.a.c.c.C.[Tomcat].[localhost].[/] - Initializing Spring embedded WebApplicationContext
[2025-05-13 16:36:06] INFO  com.zaxxer.hikari.HikariDataSource - HikariPool-1 - Starting...
[2025-05-13 16:36:07] INFO  com.zaxxer.hikari.pool.HikariPool - HikariPool-1 - Added connection com.mysql.cj.jdbc.ConnectionImpl@46ee4083
[2025-05-13 16:36:07] INFO  com.zaxxer.hikari.HikariDataSource - HikariPool-1 - Start completed.
[2025-05-13 16:36:10] WARN  o.s.b.a.t.ThymeleafAutoConfiguration$DefaultTemplateResolverConfiguration - Cannot find template location: classpath:/templates/ (please add some templates, check your Thymeleaf configuration, or set spring.thymeleaf.check-template-location=false)
[2025-05-13 16:36:10] INFO  com.spring.crud.DemoApplication - Started DemoApplication in 10.179 seconds (process running for 11.098)
[2025-05-13 16:36:33] INFO  com.spring.crud.DemoApplication - Starting DemoApplication using Java 21.0.7 with PID 6492 (C:\Users\Aditya Raut\eclipse-workspace\demo\target\classes started by Aditya Raut in C:\Users\Aditya Raut\eclipse-workspace\demo)
[2025-05-13 16:36:33] INFO  com.spring.crud.DemoApplication - No active profile set, falling back to 1 default profile: "default"
[2025-05-13 16:36:37] INFO  o.a.catalina.core.StandardService - Starting service [Tomcat]
[2025-05-13 16:36:37] INFO  o.a.catalina.core.StandardEngine - Starting Servlet engine: [Apache Tomcat/10.1.40]
[2025-05-13 16:36:37] INFO  o.a.c.c.C.[Tomcat].[localhost].[/] - Initializing Spring embedded WebApplicationContext
[2025-05-13 16:36:38] INFO  com.zaxxer.hikari.HikariDataSource - HikariPool-1 - Starting...
[2025-05-13 16:36:39] INFO  com.zaxxer.hikari.pool.HikariPool - HikariPool-1 - Added connection com.mysql.cj.jdbc.ConnectionImpl@422cbf01
[2025-05-13 16:36:39] INFO  com.zaxxer.hikari.HikariDataSource - HikariPool-1 - Start completed.
[2025-05-13 16:36:42] WARN  o.s.b.a.t.ThymeleafAutoConfiguration$DefaultTemplateResolverConfiguration - Cannot find template location: classpath:/templates/ (please add some templates, check your Thymeleaf configuration, or set spring.thymeleaf.check-template-location=false)
[2025-05-13 16:36:42] INFO  com.spring.crud.DemoApplication - Started DemoApplication in 10.133 seconds (process running for 11.094)
[2025-05-13 16:36:56] INFO  com.zaxxer.hikari.HikariDataSource - HikariPool-1 - Shutdown initiated...
[2025-05-13 16:36:56] INFO  com.zaxxer.hikari.HikariDataSource - HikariPool-1 - Shutdown completed.
[2025-05-13 16:36:57] INFO  com.spring.crud.DemoApplication - Starting DemoApplication using Java 21.0.7 with PID 6492 (C:\Users\Aditya Raut\eclipse-workspace\demo\target\classes started by Aditya Raut in C:\Users\Aditya Raut\eclipse-workspace\demo)
[2025-05-13 16:36:57] INFO  com.spring.crud.DemoApplication - No active profile set, falling back to 1 default profile: "default"
[2025-05-13 16:36:57] INFO  o.a.catalina.core.StandardService - Starting service [Tomcat]
[2025-05-13 16:36:57] INFO  o.a.catalina.core.StandardEngine - Starting Servlet engine: [Apache Tomcat/10.1.40]
[2025-05-13 16:36:57] INFO  o.a.c.c.C.[Tomcat].[localhost].[/] - Initializing Spring embedded WebApplicationContext
[2025-05-13 16:36:57] INFO  com.zaxxer.hikari.HikariDataSource - HikariPool-2 - Starting...
[2025-05-13 16:36:57] INFO  com.zaxxer.hikari.pool.HikariPool - HikariPool-2 - Added connection com.mysql.cj.jdbc.ConnectionImpl@36e5350e
[2025-05-13 16:36:57] INFO  com.zaxxer.hikari.HikariDataSource - HikariPool-2 - Start completed.
[2025-05-13 16:36:58] WARN  o.s.b.a.t.ThymeleafAutoConfiguration$DefaultTemplateResolverConfiguration - Cannot find template location: classpath:/templates/ (please add some templates, check your Thymeleaf configuration, or set spring.thymeleaf.check-template-location=false)
[2025-05-13 16:36:58] INFO  com.spring.crud.DemoApplication - Started DemoApplication in 1.425 seconds (process running for 26.499)
[2025-05-13 16:37:11] INFO  o.a.c.c.C.[Tomcat].[localhost].[/] - Initializing Spring DispatcherServlet 'dispatcherServlet'
[2025-05-13 16:38:12] INFO  com.zaxxer.hikari.HikariDataSource - HikariPool-2 - Shutdown initiated...
[2025-05-13 16:38:12] INFO  com.zaxxer.hikari.HikariDataSource - HikariPool-2 - Shutdown completed.
[2025-05-13 16:38:12] INFO  com.spring.crud.DemoApplication - Starting DemoApplication using Java 21.0.7 with PID 6492 (C:\Users\Aditya Raut\eclipse-workspace\demo\target\classes started by Aditya Raut in C:\Users\Aditya Raut\eclipse-workspace\demo)
[2025-05-13 16:38:12] INFO  com.spring.crud.DemoApplication - No active profile set, falling back to 1 default profile: "default"
[2025-05-13 16:38:13] INFO  o.a.catalina.core.StandardService - Starting service [Tomcat]
[2025-05-13 16:38:13] INFO  o.a.catalina.core.StandardEngine - Starting Servlet engine: [Apache Tomcat/10.1.40]
[2025-05-13 16:38:13] INFO  o.a.c.c.C.[Tomcat].[localhost].[/] - Initializing Spring embedded WebApplicationContext
[2025-05-13 16:38:14] INFO  com.zaxxer.hikari.HikariDataSource - HikariPool-3 - Starting...
[2025-05-13 16:38:14] INFO  com.zaxxer.hikari.pool.HikariPool - HikariPool-3 - Added connection com.mysql.cj.jdbc.ConnectionImpl@23df2066
[2025-05-13 16:38:14] INFO  com.zaxxer.hikari.HikariDataSource - HikariPool-3 - Start completed.
[2025-05-13 16:38:14] WARN  o.s.b.a.t.ThymeleafAutoConfiguration$DefaultTemplateResolverConfiguration - Cannot find template location: classpath:/templates/ (please add some templates, check your Thymeleaf configuration, or set spring.thymeleaf.check-template-location=false)
[2025-05-13 16:38:14] INFO  com.spring.crud.DemoApplication - Started DemoApplication in 2.375 seconds (process running for 102.996)
[2025-05-13 16:38:23] INFO  com.zaxxer.hikari.HikariDataSource - HikariPool-3 - Shutdown initiated...
[2025-05-13 16:38:23] INFO  com.zaxxer.hikari.HikariDataSource - HikariPool-3 - Shutdown completed.
[2025-05-13 16:38:23] INFO  com.spring.crud.DemoApplication - Starting DemoApplication using Java 21.0.7 with PID 6492 (C:\Users\Aditya Raut\eclipse-workspace\demo\target\classes started by Aditya Raut in C:\Users\Aditya Raut\eclipse-workspace\demo)
[2025-05-13 16:38:23] INFO  com.spring.crud.DemoApplication - No active profile set, falling back to 1 default profile: "default"
[2025-05-13 16:38:24] INFO  o.a.catalina.core.StandardService - Starting service [Tomcat]
[2025-05-13 16:38:24] INFO  o.a.catalina.core.StandardEngine - Starting Servlet engine: [Apache Tomcat/10.1.40]
[2025-05-13 16:38:24] INFO  o.a.c.c.C.[Tomcat].[localhost].[/] - Initializing Spring embedded WebApplicationContext
[2025-05-13 16:38:24] INFO  com.zaxxer.hikari.HikariDataSource - HikariPool-4 - Starting...
[2025-05-13 16:38:24] INFO  com.zaxxer.hikari.pool.HikariPool - HikariPool-4 - Added connection com.mysql.cj.jdbc.ConnectionImpl@6dffda5d
[2025-05-13 16:38:24] INFO  com.zaxxer.hikari.HikariDataSource - HikariPool-4 - Start completed.
[2025-05-13 16:38:24] WARN  o.s.b.a.t.ThymeleafAutoConfiguration$DefaultTemplateResolverConfiguration - Cannot find template location: classpath:/templates/ (please add some templates, check your Thymeleaf configuration, or set spring.thymeleaf.check-template-location=false)
[2025-05-13 16:38:24] INFO  com.spring.crud.DemoApplication - Started DemoApplication in 1.177 seconds (process running for 112.931)
[2025-05-13 16:40:18] INFO  com.zaxxer.hikari.HikariDataSource - HikariPool-4 - Shutdown initiated...
[2025-05-13 16:40:18] INFO  com.zaxxer.hikari.HikariDataSource - HikariPool-4 - Shutdown completed.
[2025-05-13 16:40:18] INFO  com.spring.crud.DemoApplication - Starting DemoApplication using Java 21.0.7 with PID 6492 (C:\Users\Aditya Raut\eclipse-workspace\demo\target\classes started by Aditya Raut in C:\Users\Aditya Raut\eclipse-workspace\demo)
[2025-05-13 16:40:18] INFO  com.spring.crud.DemoApplication - No active profile set, falling back to 1 default profile: "default"
[2025-05-13 16:40:19] INFO  o.a.catalina.core.StandardService - Starting service [Tomcat]
[2025-05-13 16:40:19] INFO  o.a.catalina.core.StandardEngine - Starting Servlet engine: [Apache Tomcat/10.1.40]
[2025-05-13 16:40:19] INFO  o.a.c.c.C.[Tomcat].[localhost].[/] - Initializing Spring embedded WebApplicationContext
[2025-05-13 16:40:19] INFO  com.zaxxer.hikari.HikariDataSource - HikariPool-5 - Starting...
[2025-05-13 16:40:19] INFO  com.zaxxer.hikari.pool.HikariPool - HikariPool-5 - Added connection com.mysql.cj.jdbc.ConnectionImpl@68ed4107
[2025-05-13 16:40:19] INFO  com.zaxxer.hikari.HikariDataSource - HikariPool-5 - Start completed.
[2025-05-13 16:40:19] WARN  o.s.b.a.t.ThymeleafAutoConfiguration$DefaultTemplateResolverConfiguration - Cannot find template location: classpath:/templates/ (please add some templates, check your Thymeleaf configuration, or set spring.thymeleaf.check-template-location=false)
[2025-05-13 16:40:19] INFO  com.spring.crud.DemoApplication - Started DemoApplication in 1.494 seconds (process running for 228.017)
[2025-05-13 16:40:43] INFO  com.zaxxer.hikari.HikariDataSource - HikariPool-5 - Shutdown initiated...
[2025-05-13 16:40:43] INFO  com.zaxxer.hikari.HikariDataSource - HikariPool-5 - Shutdown completed.
[2025-05-13 16:40:44] INFO  com.spring.crud.DemoApplication - Starting DemoApplication using Java 21.0.7 with PID 6492 (C:\Users\Aditya Raut\eclipse-workspace\demo\target\classes started by Aditya Raut in C:\Users\Aditya Raut\eclipse-workspace\demo)
[2025-05-13 16:40:44] INFO  com.spring.crud.DemoApplication - No active profile set, falling back to 1 default profile: "default"
[2025-05-13 16:40:44] INFO  o.a.catalina.core.StandardService - Starting service [Tomcat]
[2025-05-13 16:40:44] INFO  o.a.catalina.core.StandardEngine - Starting Servlet engine: [Apache Tomcat/10.1.40]
[2025-05-13 16:40:44] INFO  o.a.c.c.C.[Tomcat].[localhost].[/] - Initializing Spring embedded WebApplicationContext
[2025-05-13 16:40:44] INFO  com.zaxxer.hikari.HikariDataSource - HikariPool-6 - Starting...
[2025-05-13 16:40:45] INFO  com.zaxxer.hikari.pool.HikariPool - HikariPool-6 - Added connection com.mysql.cj.jdbc.ConnectionImpl@6eb43ab6
[2025-05-13 16:40:45] INFO  com.zaxxer.hikari.HikariDataSource - HikariPool-6 - Start completed.
[2025-05-13 16:40:48] WARN  o.s.b.a.t.ThymeleafAutoConfiguration$DefaultTemplateResolverConfiguration - Cannot find template location: classpath:/templates/ (please add some templates, check your Thymeleaf configuration, or set spring.thymeleaf.check-template-location=false)
[2025-05-13 16:40:48] INFO  com.spring.crud.DemoApplication - Started DemoApplication in 4.084 seconds (process running for 256.263)
[2025-05-13 16:41:10] INFO  com.zaxxer.hikari.HikariDataSource - HikariPool-6 - Shutdown initiated...
[2025-05-13 16:41:10] INFO  com.zaxxer.hikari.HikariDataSource - HikariPool-6 - Shutdown completed.
[2025-05-13 16:41:10] INFO  com.spring.crud.DemoApplication - Starting DemoApplication using Java 21.0.7 with PID 6492 (C:\Users\Aditya Raut\eclipse-workspace\demo\target\classes started by Aditya Raut in C:\Users\Aditya Raut\eclipse-workspace\demo)
[2025-05-13 16:41:10] INFO  com.spring.crud.DemoApplication - No active profile set, falling back to 1 default profile: "default"
[2025-05-13 16:41:10] INFO  o.a.catalina.core.StandardService - Starting service [Tomcat]
[2025-05-13 16:41:10] INFO  o.a.catalina.core.StandardEngine - Starting Servlet engine: [Apache Tomcat/10.1.40]
[2025-05-13 16:41:10] INFO  o.a.c.c.C.[Tomcat].[localhost].[/] - Initializing Spring embedded WebApplicationContext
[2025-05-13 16:41:10] INFO  com.zaxxer.hikari.HikariDataSource - HikariPool-7 - Starting...
[2025-05-13 16:41:10] INFO  com.zaxxer.hikari.pool.HikariPool - HikariPool-7 - Added connection com.mysql.cj.jdbc.ConnectionImpl@ade19d9
[2025-05-13 16:41:10] INFO  com.zaxxer.hikari.HikariDataSource - HikariPool-7 - Start completed.
[2025-05-13 16:41:11] WARN  o.s.b.a.t.ThymeleafAutoConfiguration$DefaultTemplateResolverConfiguration - Cannot find template location: classpath:/templates/ (please add some templates, check your Thymeleaf configuration, or set spring.thymeleaf.check-template-location=false)
[2025-05-13 16:41:11] INFO  com.spring.crud.DemoApplication - Started DemoApplication in 0.939 seconds (process running for 279.295)
[2025-05-13 16:42:49] INFO  com.zaxxer.hikari.HikariDataSource - HikariPool-7 - Shutdown initiated...
[2025-05-13 16:42:49] INFO  com.zaxxer.hikari.HikariDataSource - HikariPool-7 - Shutdown completed.
[2025-05-13 16:42:49] INFO  com.spring.crud.DemoApplication - Starting DemoApplication using Java 21.0.7 with PID 6492 (C:\Users\Aditya Raut\eclipse-workspace\demo\target\classes started by Aditya Raut in C:\Users\Aditya Raut\eclipse-workspace\demo)
[2025-05-13 16:42:49] INFO  com.spring.crud.DemoApplication - No active profile set, falling back to 1 default profile: "default"
[2025-05-13 16:42:49] INFO  o.a.catalina.core.StandardService - Starting service [Tomcat]
[2025-05-13 16:42:49] INFO  o.a.catalina.core.StandardEngine - Starting Servlet engine: [Apache Tomcat/10.1.40]
[2025-05-13 16:42:49] INFO  o.a.c.c.C.[Tomcat].[localhost].[/] - Initializing Spring embedded WebApplicationContext
[2025-05-13 16:42:49] INFO  com.zaxxer.hikari.HikariDataSource - HikariPool-8 - Starting...
[2025-05-13 16:42:49] INFO  com.zaxxer.hikari.pool.HikariPool - HikariPool-8 - Added connection com.mysql.cj.jdbc.ConnectionImpl@5180515f
[2025-05-13 16:42:49] INFO  com.zaxxer.hikari.HikariDataSource - HikariPool-8 - Start completed.
[2025-05-13 16:42:50] WARN  o.s.b.a.t.ThymeleafAutoConfiguration$DefaultTemplateResolverConfiguration - Cannot find template location: classpath:/templates/ (please add some templates, check your Thymeleaf configuration, or set spring.thymeleaf.check-template-location=false)
[2025-05-13 16:42:50] INFO  com.spring.crud.DemoApplication - Started DemoApplication in 1.164 seconds (process running for 378.56)
[2025-05-13 16:43:50] INFO  com.zaxxer.hikari.HikariDataSource - HikariPool-8 - Shutdown initiated...
[2025-05-13 16:43:50] INFO  com.zaxxer.hikari.HikariDataSource - HikariPool-8 - Shutdown completed.
[2025-05-13 16:43:50] INFO  com.spring.crud.DemoApplication - Starting DemoApplication using Java 21.0.7 with PID 6492 (C:\Users\Aditya Raut\eclipse-workspace\demo\target\classes started by Aditya Raut in C:\Users\Aditya Raut\eclipse-workspace\demo)
[2025-05-13 16:43:50] INFO  com.spring.crud.DemoApplication - No active profile set, falling back to 1 default profile: "default"
[2025-05-13 16:43:51] INFO  o.a.catalina.core.StandardService - Starting service [Tomcat]
[2025-05-13 16:43:51] INFO  o.a.catalina.core.StandardEngine - Starting Servlet engine: [Apache Tomcat/10.1.40]
[2025-05-13 16:43:51] INFO  o.a.c.c.C.[Tomcat].[localhost].[/] - Initializing Spring embedded WebApplicationContext
[2025-05-13 16:43:51] INFO  com.zaxxer.hikari.HikariDataSource - HikariPool-9 - Starting...
[2025-05-13 16:43:51] INFO  com.zaxxer.hikari.pool.HikariPool - HikariPool-9 - Added connection com.mysql.cj.jdbc.ConnectionImpl@1e9058c
[2025-05-13 16:43:51] INFO  com.zaxxer.hikari.HikariDataSource - HikariPool-9 - Start completed.
[2025-05-13 16:43:51] WARN  o.s.b.a.t.ThymeleafAutoConfiguration$DefaultTemplateResolverConfiguration - Cannot find template location: classpath:/templates/ (please add some templates, check your Thymeleaf configuration, or set spring.thymeleaf.check-template-location=false)
[2025-05-13 16:43:51] INFO  com.spring.crud.DemoApplication - Started DemoApplication in 1.292 seconds (process running for 440.107)
[2025-05-13 16:44:47] INFO  com.zaxxer.hikari.HikariDataSource - HikariPool-9 - Shutdown initiated...
[2025-05-13 16:44:47] INFO  com.zaxxer.hikari.HikariDataSource - HikariPool-9 - Shutdown completed.
[2025-05-13 16:44:48] INFO  com.spring.crud.DemoApplication - Starting DemoApplication using Java 21.0.7 with PID 6492 (C:\Users\Aditya Raut\eclipse-workspace\demo\target\classes started by Aditya Raut in C:\Users\Aditya Raut\eclipse-workspace\demo)
[2025-05-13 16:44:48] INFO  com.spring.crud.DemoApplication - No active profile set, falling back to 1 default profile: "default"
[2025-05-13 16:44:48] INFO  o.a.catalina.core.StandardService - Starting service [Tomcat]
[2025-05-13 16:44:48] INFO  o.a.catalina.core.StandardEngine - Starting Servlet engine: [Apache Tomcat/10.1.40]
[2025-05-13 16:44:48] INFO  o.a.c.c.C.[Tomcat].[localhost].[/] - Initializing Spring embedded WebApplicationContext
[2025-05-13 16:44:48] INFO  com.zaxxer.hikari.HikariDataSource - HikariPool-10 - Starting...
[2025-05-13 16:44:48] INFO  com.zaxxer.hikari.pool.HikariPool - HikariPool-10 - Added connection com.mysql.cj.jdbc.ConnectionImpl@626c6f7a
[2025-05-13 16:44:48] INFO  com.zaxxer.hikari.HikariDataSource - HikariPool-10 - Start completed.
[2025-05-13 16:44:48] WARN  o.s.b.a.t.ThymeleafAutoConfiguration$DefaultTemplateResolverConfiguration - Cannot find template location: classpath:/templates/ (please add some templates, check your Thymeleaf configuration, or set spring.thymeleaf.check-template-location=false)
[2025-05-13 16:44:49] INFO  com.spring.crud.DemoApplication - Started DemoApplication in 1.0 seconds (process running for 497.214)
[2025-05-13 16:47:21] INFO  o.a.c.c.C.[Tomcat].[localhost].[/] - Initializing Spring DispatcherServlet 'dispatcherServlet'
[2025-05-13 16:47:21] WARN  o.s.w.s.m.s.DefaultHandlerExceptionResolver - Resolved [org.springframework.web.HttpRequestMethodNotSupportedException: Request method 'POST' is not supported]
[2025-05-13 16:47:35] WARN  o.s.d.w.c.SpringDataJacksonConfiguration$PageModule$WarningLoggingModifier - Serializing PageImpl instances as-is is not supported, meaning that there is no guarantee about the stability of the resulting JSON structure!
	For a stable JSON structure, please use Spring Data's PagedModel (globally via @EnableSpringDataWebSupport(pageSerializationMode = VIA_DTO))
	or Spring HATEOAS and Spring Data's PagedResourcesAssembler as documented in https://docs.spring.io/spring-data/commons/reference/repositories/core-extensions.html#core.web.pageables.

